[10Dec2024 00:00:00.002] [ftbbackups2_Worker-1/INFO] [net.creeperhost.ftbbackups.FTBBackups/]: Attempting to create an automatic backup
[10Dec2024 00:00:00.009] [ftbbackups2_Worker-1/INFO] [net.creeperhost.ftbbackups.FTBBackups/]: Found world folder at /workspaces/SERVER-MSX/servidor_minecraft/./world/.
[10Dec2024 00:00:00.044] [ftbbackups2_Worker-1/INFO] [net.creeperhost.ftbbackups.FTBBackups/]: Last backup size: 3.5MB Current world size: 12.3MB Current Available space: 19.1GB ExpectedSize 3.6MB
[10Dec2024 00:00:00.045] [ftbbackups2_Worker-1/INFO] [net.creeperhost.ftbbackups.FTBBackups/]: Setting world minecraft:overworld save state to true
[10Dec2024 00:00:00.045] [ftbbackups2_Worker-1/INFO] [net.creeperhost.ftbbackups.FTBBackups/]: Setting world sgjourney:abydos save state to true
[10Dec2024 00:00:00.045] [ftbbackups2_Worker-1/INFO] [net.creeperhost.ftbbackups.FTBBackups/]: Setting world minecraft:the_end save state to true
[10Dec2024 00:00:00.046] [ftbbackups2_Worker-1/INFO] [net.creeperhost.ftbbackups.FTBBackups/]: Setting world sgjourney:cavum_tenebrae save state to true
[10Dec2024 00:00:00.046] [ftbbackups2_Worker-1/INFO] [net.creeperhost.ftbbackups.FTBBackups/]: Setting world sgjourney:lantea save state to true
[10Dec2024 00:00:00.046] [ftbbackups2_Worker-1/INFO] [net.creeperhost.ftbbackups.FTBBackups/]: Setting world minecraft:the_nether save state to true
[10Dec2024 00:00:00.047] [ftbbackups2_Worker-1/INFO] [net.creeperhost.ftbbackups.FTBBackups/]: Setting world sgjourney:chulak save state to true
[10Dec2024 00:00:00.048] [ftbbackups2_Worker-1/INFO] [net.creeperhost.ftbbackups.FTBBackups/]: Setting world ae2:spatial_storage save state to true
[10Dec2024 00:00:00.049] [ftbbackups2_Worker-1/INFO] [net.creeperhost.ftbbackups.FTBBackups/]: Writing to file /workspaces/SERVER-MSX/servidor_minecraft/backups/backups.json
[10Dec2024 00:00:00.050] [FTB Backups backup thread 0/INFO] [net.creeperhost.ftbbackups.FTBBackups/]: Waiting for world save to complete.
[10Dec2024 00:00:00.455] [FTB Backups backup thread 0/INFO] [net.creeperhost.levelio.loader.SaveInfo/]: Detected MC Version 1.20.1, Data version 3465
[10Dec2024 00:00:00.455] [FTB Backups backup thread 0/INFO] [net.creeperhost.levelio.loader.SaveInfo/]: Save Name: world
[10Dec2024 00:00:00.460] [FTB Backups backup thread 0/WARN] [net.creeperhost.levelio.data.Level/]: Did not find a region folder for level: /workspaces/SERVER-MSX/servidor_minecraft/./world/./DIM-1
[10Dec2024 00:00:00.461] [FTB Backups backup thread 0/WARN] [net.creeperhost.levelio.loader.LevelLoader/]: Found possible mod dimension with no region folder sgjourney:lantea
[10Dec2024 00:00:00.462] [FTB Backups backup thread 0/WARN] [net.creeperhost.levelio.loader.LevelLoader/]: Found possible mod dimension with no region folder sgjourney:abydos
[10Dec2024 00:00:00.462] [FTB Backups backup thread 0/WARN] [net.creeperhost.levelio.loader.LevelLoader/]: Found possible mod dimension with no region folder sgjourney:cavum_tenebrae
[10Dec2024 00:00:00.462] [FTB Backups backup thread 0/WARN] [net.creeperhost.levelio.loader.LevelLoader/]: Found possible mod dimension with no region folder sgjourney:chulak
[10Dec2024 00:00:00.463] [FTB Backups backup thread 0/WARN] [net.creeperhost.levelio.loader.LevelLoader/]: Found possible mod dimension with no region folder ae2:spatial_storage
[10Dec2024 00:00:00.463] [FTB Backups backup thread 0/WARN] [net.creeperhost.levelio.data.Level/]: Did not find a region folder for level: /workspaces/SERVER-MSX/servidor_minecraft/./world/./DIM1
[10Dec2024 00:00:02.272] [FTB Backups backup thread 0/INFO] [net.creeperhost.ftbbackups.FTBBackups/]: Backup preview created, Scan took 170ms, Capture took 1780ms
[10Dec2024 00:00:02.943] [FTB Backups backup thread 0/INFO] [net.creeperhost.ftbbackups.FTBBackups/]: Setting world minecraft:overworld save state to false
[10Dec2024 00:00:02.943] [FTB Backups backup thread 0/INFO] [net.creeperhost.ftbbackups.FTBBackups/]: Setting world sgjourney:abydos save state to false
[10Dec2024 00:00:02.943] [FTB Backups backup thread 0/INFO] [net.creeperhost.ftbbackups.FTBBackups/]: Setting world minecraft:the_end save state to false
[10Dec2024 00:00:02.944] [FTB Backups backup thread 0/INFO] [net.creeperhost.ftbbackups.FTBBackups/]: Setting world sgjourney:cavum_tenebrae save state to false
[10Dec2024 00:00:02.944] [FTB Backups backup thread 0/INFO] [net.creeperhost.ftbbackups.FTBBackups/]: Setting world sgjourney:lantea save state to false
[10Dec2024 00:00:02.944] [FTB Backups backup thread 0/INFO] [net.creeperhost.ftbbackups.FTBBackups/]: Setting world minecraft:the_nether save state to false
[10Dec2024 00:00:02.951] [FTB Backups backup thread 0/INFO] [net.creeperhost.ftbbackups.FTBBackups/]: Setting world sgjourney:chulak save state to false
[10Dec2024 00:00:02.951] [FTB Backups backup thread 0/INFO] [net.creeperhost.ftbbackups.FTBBackups/]: Setting world ae2:spatial_storage save state to false
[10Dec2024 00:00:02.960] [FTB Backups backup thread 0/INFO] [net.creeperhost.ftbbackups.FTBBackups/]: Backup size 3.5MB World Size 12.3MB
[10Dec2024 00:00:02.960] [FTB Backups backup thread 0/INFO] [net.creeperhost.ftbbackups.FTBBackups/]: Writing to file /workspaces/SERVER-MSX/servidor_minecraft/backups/backups.json
[10Dec2024 00:00:02.961] [FTB Backups backup thread 0/INFO] [net.creeperhost.ftbbackups.FTBBackups/]: New backup created at /workspaces/SERVER-MSX/servidor_minecraft/backups/2024-12-10_0-0-0.zip size: 3.5MB Took: 0m, 2s, 903ms Sha1: 687767422739cf4c8e3e309dfed6b4b8d6640e24
[10Dec2024 00:00:08.067] [FTB Backups scheduled executor 0/INFO] [net.creeperhost.ftbbackups.FTBBackups/]: More backups than 5 found, Removing oldest backup
[10Dec2024 00:00:08.068] [FTB Backups scheduled executor 0/INFO] [net.creeperhost.ftbbackups.FTBBackups/]: Removed old backup 2024-12-9_21-30-0.zip
[10Dec2024 00:00:08.068] [FTB Backups scheduled executor 0/INFO] [net.creeperhost.ftbbackups.FTBBackups/]: File missing, removing from backups /workspaces/SERVER-MSX/servidor_minecraft/backups/2024-12-9_21-30-0.zip
[10Dec2024 00:00:08.069] [FTB Backups scheduled executor 0/INFO] [net.creeperhost.ftbbackups.FTBBackups/]: Writing to file /workspaces/SERVER-MSX/servidor_minecraft/backups/backups.json
[10Dec2024 00:30:00.002] [ftbbackups2_Worker-1/INFO] [net.creeperhost.ftbbackups.FTBBackups/]: Attempting to create an automatic backup
[10Dec2024 00:30:00.003] [ftbbackups2_Worker-1/INFO] [net.creeperhost.ftbbackups.FTBBackups/]: Found world folder at /workspaces/SERVER-MSX/servidor_minecraft/./world/.
[10Dec2024 00:30:00.026] [ftbbackups2_Worker-1/INFO] [net.creeperhost.ftbbackups.FTBBackups/]: Last backup size: 3.5MB Current world size: 12.3MB Current Available space: 19.1GB ExpectedSize 3.6MB
[10Dec2024 00:30:00.026] [ftbbackups2_Worker-1/INFO] [net.creeperhost.ftbbackups.FTBBackups/]: Setting world minecraft:overworld save state to true
[10Dec2024 00:30:00.026] [ftbbackups2_Worker-1/INFO] [net.creeperhost.ftbbackups.FTBBackups/]: Setting world sgjourney:abydos save state to true
[10Dec2024 00:30:00.026] [ftbbackups2_Worker-1/INFO] [net.creeperhost.ftbbackups.FTBBackups/]: Setting world minecraft:the_end save state to true
[10Dec2024 00:30:00.026] [ftbbackups2_Worker-1/INFO] [net.creeperhost.ftbbackups.FTBBackups/]: Setting world sgjourney:cavum_tenebrae save state to true
[10Dec2024 00:30:00.026] [ftbbackups2_Worker-1/INFO] [net.creeperhost.ftbbackups.FTBBackups/]: Setting world sgjourney:lantea save state to true
[10Dec2024 00:30:00.026] [ftbbackups2_Worker-1/INFO] [net.creeperhost.ftbbackups.FTBBackups/]: Setting world minecraft:the_nether save state to true
[10Dec2024 00:30:00.027] [ftbbackups2_Worker-1/INFO] [net.creeperhost.ftbbackups.FTBBackups/]: Setting world sgjourney:chulak save state to true
[10Dec2024 00:30:00.027] [ftbbackups2_Worker-1/INFO] [net.creeperhost.ftbbackups.FTBBackups/]: Setting world ae2:spatial_storage save state to true
[10Dec2024 00:30:00.027] [ftbbackups2_Worker-1/INFO] [net.creeperhost.ftbbackups.FTBBackups/]: Writing to file /workspaces/SERVER-MSX/servidor_minecraft/backups/backups.json
[10Dec2024 00:30:00.028] [FTB Backups backup thread 0/INFO] [net.creeperhost.ftbbackups.FTBBackups/]: Waiting for world save to complete.
[10Dec2024 00:30:00.421] [FTB Backups backup thread 0/INFO] [net.creeperhost.levelio.loader.SaveInfo/]: Detected MC Version 1.20.1, Data version 3465
[10Dec2024 00:30:00.421] [FTB Backups backup thread 0/INFO] [net.creeperhost.levelio.loader.SaveInfo/]: Save Name: world
[10Dec2024 00:30:00.426] [FTB Backups backup thread 0/WARN] [net.creeperhost.levelio.data.Level/]: Did not find a region folder for level: /workspaces/SERVER-MSX/servidor_minecraft/./world/./DIM-1
[10Dec2024 00:30:00.426] [FTB Backups backup thread 0/WARN] [net.creeperhost.levelio.loader.LevelLoader/]: Found possible mod dimension with no region folder sgjourney:lantea
[10Dec2024 00:30:00.426] [FTB Backups backup thread 0/WARN] [net.creeperhost.levelio.loader.LevelLoader/]: Found possible mod dimension with no region folder sgjourney:abydos
[10Dec2024 00:30:00.426] [FTB Backups backup thread 0/WARN] [net.creeperhost.levelio.loader.LevelLoader/]: Found possible mod dimension with no region folder sgjourney:cavum_tenebrae
[10Dec2024 00:30:00.427] [FTB Backups backup thread 0/WARN] [net.creeperhost.levelio.loader.LevelLoader/]: Found possible mod dimension with no region folder sgjourney:chulak
[10Dec2024 00:30:00.427] [FTB Backups backup thread 0/WARN] [net.creeperhost.levelio.loader.LevelLoader/]: Found possible mod dimension with no region folder ae2:spatial_storage
[10Dec2024 00:30:00.428] [FTB Backups backup thread 0/WARN] [net.creeperhost.levelio.data.Level/]: Did not find a region folder for level: /workspaces/SERVER-MSX/servidor_minecraft/./world/./DIM1
[10Dec2024 00:30:01.404] [FTB Backups backup thread 0/INFO] [net.creeperhost.ftbbackups.FTBBackups/]: Backup preview created, Scan took 176ms, Capture took 945ms
[10Dec2024 00:30:01.976] [FTB Backups backup thread 0/INFO] [net.creeperhost.ftbbackups.FTBBackups/]: Setting world minecraft:overworld save state to false
[10Dec2024 00:30:01.976] [FTB Backups backup thread 0/INFO] [net.creeperhost.ftbbackups.FTBBackups/]: Setting world sgjourney:abydos save state to false
[10Dec2024 00:30:01.976] [FTB Backups backup thread 0/INFO] [net.creeperhost.ftbbackups.FTBBackups/]: Setting world minecraft:the_end save state to false
[10Dec2024 00:30:01.976] [FTB Backups backup thread 0/INFO] [net.creeperhost.ftbbackups.FTBBackups/]: Setting world sgjourney:cavum_tenebrae save state to false
[10Dec2024 00:30:01.976] [FTB Backups backup thread 0/INFO] [net.creeperhost.ftbbackups.FTBBackups/]: Setting world sgjourney:lantea save state to false
[10Dec2024 00:30:01.976] [FTB Backups backup thread 0/INFO] [net.creeperhost.ftbbackups.FTBBackups/]: Setting world minecraft:the_nether save state to false
[10Dec2024 00:30:01.976] [FTB Backups backup thread 0/INFO] [net.creeperhost.ftbbackups.FTBBackups/]: Setting world sgjourney:chulak save state to false
[10Dec2024 00:30:01.976] [FTB Backups backup thread 0/INFO] [net.creeperhost.ftbbackups.FTBBackups/]: Setting world ae2:spatial_storage save state to false
[10Dec2024 00:30:01.984] [FTB Backups backup thread 0/INFO] [net.creeperhost.ftbbackups.FTBBackups/]: Backup size 3.5MB World Size 12.3MB
[10Dec2024 00:30:01.988] [FTB Backups backup thread 0/INFO] [net.creeperhost.ftbbackups.FTBBackups/]: Writing to file /workspaces/SERVER-MSX/servidor_minecraft/backups/backups.json
[10Dec2024 00:30:01.989] [FTB Backups backup thread 0/INFO] [net.creeperhost.ftbbackups.FTBBackups/]: New backup created at /workspaces/SERVER-MSX/servidor_minecraft/backups/2024-12-10_0-30-0.zip size: 3.5MB Took: 0m, 1s, 949ms Sha1: a0b5a85d73e91ec0dba704cbbaf61a305584ef4c
[10Dec2024 00:30:08.067] [FTB Backups scheduled executor 0/INFO] [net.creeperhost.ftbbackups.FTBBackups/]: More backups than 5 found, Removing oldest backup
[10Dec2024 00:30:08.068] [FTB Backups scheduled executor 0/INFO] [net.creeperhost.ftbbackups.FTBBackups/]: Removed old backup 2024-12-9_22-0-0.zip
[10Dec2024 00:30:08.068] [FTB Backups scheduled executor 0/INFO] [net.creeperhost.ftbbackups.FTBBackups/]: File missing, removing from backups /workspaces/SERVER-MSX/servidor_minecraft/backups/2024-12-9_22-0-0.zip
[10Dec2024 00:30:08.069] [FTB Backups scheduled executor 0/INFO] [net.creeperhost.ftbbackups.FTBBackups/]: Writing to file /workspaces/SERVER-MSX/servidor_minecraft/backups/backups.json
[10Dec2024 01:00:00.002] [ftbbackups2_Worker-1/INFO] [net.creeperhost.ftbbackups.FTBBackups/]: Attempting to create an automatic backup
[10Dec2024 01:00:00.003] [ftbbackups2_Worker-1/INFO] [net.creeperhost.ftbbackups.FTBBackups/]: Found world folder at /workspaces/SERVER-MSX/servidor_minecraft/./world/.
[10Dec2024 01:00:00.031] [ftbbackups2_Worker-1/INFO] [net.creeperhost.ftbbackups.FTBBackups/]: Last backup size: 3.5MB Current world size: 12.3MB Current Available space: 19.1GB ExpectedSize 3.6MB
[10Dec2024 01:00:00.032] [ftbbackups2_Worker-1/INFO] [net.creeperhost.ftbbackups.FTBBackups/]: Setting world minecraft:overworld save state to true
[10Dec2024 01:00:00.032] [ftbbackups2_Worker-1/INFO] [net.creeperhost.ftbbackups.FTBBackups/]: Setting world sgjourney:abydos save state to true
[10Dec2024 01:00:00.032] [ftbbackups2_Worker-1/INFO] [net.creeperhost.ftbbackups.FTBBackups/]: Setting world minecraft:the_end save state to true
[10Dec2024 01:00:00.033] [ftbbackups2_Worker-1/INFO] [net.creeperhost.ftbbackups.FTBBackups/]: Setting world sgjourney:cavum_tenebrae save state to true
[10Dec2024 01:00:00.033] [ftbbackups2_Worker-1/INFO] [net.creeperhost.ftbbackups.FTBBackups/]: Setting world sgjourney:lantea save state to true
[10Dec2024 01:00:00.033] [ftbbackups2_Worker-1/INFO] [net.creeperhost.ftbbackups.FTBBackups/]: Setting world minecraft:the_nether save state to true
[10Dec2024 01:00:00.033] [ftbbackups2_Worker-1/INFO] [net.creeperhost.ftbbackups.FTBBackups/]: Setting world sgjourney:chulak save state to true
[10Dec2024 01:00:00.034] [ftbbackups2_Worker-1/INFO] [net.creeperhost.ftbbackups.FTBBackups/]: Setting world ae2:spatial_storage save state to true
[10Dec2024 01:00:00.035] [ftbbackups2_Worker-1/INFO] [net.creeperhost.ftbbackups.FTBBackups/]: Writing to file /workspaces/SERVER-MSX/servidor_minecraft/backups/backups.json
[10Dec2024 01:00:00.035] [FTB Backups backup thread 0/INFO] [net.creeperhost.ftbbackups.FTBBackups/]: Waiting for world save to complete.
[10Dec2024 01:00:00.429] [FTB Backups backup thread 0/INFO] [net.creeperhost.levelio.loader.SaveInfo/]: Detected MC Version 1.20.1, Data version 3465
[10Dec2024 01:00:00.429] [FTB Backups backup thread 0/INFO] [net.creeperhost.levelio.loader.SaveInfo/]: Save Name: world
[10Dec2024 01:00:00.435] [FTB Backups backup thread 0/WARN] [net.creeperhost.levelio.data.Level/]: Did not find a region folder for level: /workspaces/SERVER-MSX/servidor_minecraft/./world/./DIM-1
[10Dec2024 01:00:00.435] [FTB Backups backup thread 0/WARN] [net.creeperhost.levelio.loader.LevelLoader/]: Found possible mod dimension with no region folder sgjourney:lantea
[10Dec2024 01:00:00.437] [FTB Backups backup thread 0/WARN] [net.creeperhost.levelio.loader.LevelLoader/]: Found possible mod dimension with no region folder sgjourney:abydos
[10Dec2024 01:00:00.437] [FTB Backups backup thread 0/WARN] [net.creeperhost.levelio.loader.LevelLoader/]: Found possible mod dimension with no region folder sgjourney:cavum_tenebrae
[10Dec2024 01:00:00.437] [FTB Backups backup thread 0/WARN] [net.creeperhost.levelio.loader.LevelLoader/]: Found possible mod dimension with no region folder sgjourney:chulak
[10Dec2024 01:00:00.438] [FTB Backups backup thread 0/WARN] [net.creeperhost.levelio.loader.LevelLoader/]: Found possible mod dimension with no region folder ae2:spatial_storage
[10Dec2024 01:00:00.438] [FTB Backups backup thread 0/WARN] [net.creeperhost.levelio.data.Level/]: Did not find a region folder for level: /workspaces/SERVER-MSX/servidor_minecraft/./world/./DIM1
[10Dec2024 01:00:02.034] [FTB Backups backup thread 0/INFO] [net.creeperhost.ftbbackups.FTBBackups/]: Backup preview created, Scan took 185ms, Capture took 1552ms
[10Dec2024 01:00:02.867] [FTB Backups backup thread 0/INFO] [net.creeperhost.ftbbackups.FTBBackups/]: Setting world minecraft:overworld save state to false
[10Dec2024 01:00:02.867] [FTB Backups backup thread 0/INFO] [net.creeperhost.ftbbackups.FTBBackups/]: Setting world sgjourney:abydos save state to false
[10Dec2024 01:00:02.867] [FTB Backups backup thread 0/INFO] [net.creeperhost.ftbbackups.FTBBackups/]: Setting world minecraft:the_end save state to false
[10Dec2024 01:00:02.867] [FTB Backups backup thread 0/INFO] [net.creeperhost.ftbbackups.FTBBackups/]: Setting world sgjourney:cavum_tenebrae save state to false
[10Dec2024 01:00:02.867] [FTB Backups backup thread 0/INFO] [net.creeperhost.ftbbackups.FTBBackups/]: Setting world sgjourney:lantea save state to false
[10Dec2024 01:00:02.867] [FTB Backups backup thread 0/INFO] [net.creeperhost.ftbbackups.FTBBackups/]: Setting world minecraft:the_nether save state to false
[10Dec2024 01:00:02.867] [FTB Backups backup thread 0/INFO] [net.creeperhost.ftbbackups.FTBBackups/]: Setting world sgjourney:chulak save state to false
[10Dec2024 01:00:02.868] [FTB Backups backup thread 0/INFO] [net.creeperhost.ftbbackups.FTBBackups/]: Setting world ae2:spatial_storage save state to false
[10Dec2024 01:00:02.885] [FTB Backups backup thread 0/INFO] [net.creeperhost.ftbbackups.FTBBackups/]: Backup size 3.5MB World Size 12.3MB
[10Dec2024 01:00:02.887] [FTB Backups backup thread 0/INFO] [net.creeperhost.ftbbackups.FTBBackups/]: Writing to file /workspaces/SERVER-MSX/servidor_minecraft/backups/backups.json
[10Dec2024 01:00:02.888] [FTB Backups backup thread 0/INFO] [net.creeperhost.ftbbackups.FTBBackups/]: New backup created at /workspaces/SERVER-MSX/servidor_minecraft/backups/2024-12-10_1-0-0.zip size: 3.5MB Took: 0m, 2s, 833ms Sha1: 812adcdcfdacb13759b9b0bf7aa7c5de6c1f593a
[10Dec2024 01:00:08.067] [FTB Backups scheduled executor 0/INFO] [net.creeperhost.ftbbackups.FTBBackups/]: More backups than 5 found, Removing oldest backup
[10Dec2024 01:00:08.068] [FTB Backups scheduled executor 0/INFO] [net.creeperhost.ftbbackups.FTBBackups/]: Removed old backup 2024-12-9_22-30-0.zip
[10Dec2024 01:00:08.068] [FTB Backups scheduled executor 0/INFO] [net.creeperhost.ftbbackups.FTBBackups/]: File missing, removing from backups /workspaces/SERVER-MSX/servidor_minecraft/backups/2024-12-9_22-30-0.zip
[10Dec2024 01:00:08.069] [FTB Backups scheduled executor 0/INFO] [net.creeperhost.ftbbackups.FTBBackups/]: Writing to file /workspaces/SERVER-MSX/servidor_minecraft/backups/backups.json
[10Dec2024 01:30:00.001] [ftbbackups2_Worker-1/INFO] [net.creeperhost.ftbbackups.FTBBackups/]: Attempting to create an automatic backup
[10Dec2024 01:30:00.002] [ftbbackups2_Worker-1/INFO] [net.creeperhost.ftbbackups.FTBBackups/]: Found world folder at /workspaces/SERVER-MSX/servidor_minecraft/./world/.
[10Dec2024 01:30:00.023] [ftbbackups2_Worker-1/INFO] [net.creeperhost.ftbbackups.FTBBackups/]: Last backup size: 3.5MB Current world size: 12.3MB Current Available space: 19.0GB ExpectedSize 3.6MB
[10Dec2024 01:30:00.023] [ftbbackups2_Worker-1/INFO] [net.creeperhost.ftbbackups.FTBBackups/]: Setting world minecraft:overworld save state to true
[10Dec2024 01:30:00.023] [ftbbackups2_Worker-1/INFO] [net.creeperhost.ftbbackups.FTBBackups/]: Setting world sgjourney:abydos save state to true
[10Dec2024 01:30:00.023] [ftbbackups2_Worker-1/INFO] [net.creeperhost.ftbbackups.FTBBackups/]: Setting world minecraft:the_end save state to true
[10Dec2024 01:30:00.023] [ftbbackups2_Worker-1/INFO] [net.creeperhost.ftbbackups.FTBBackups/]: Setting world sgjourney:cavum_tenebrae save state to true
[10Dec2024 01:30:00.023] [ftbbackups2_Worker-1/INFO] [net.creeperhost.ftbbackups.FTBBackups/]: Setting world sgjourney:lantea save state to true
[10Dec2024 01:30:00.023] [ftbbackups2_Worker-1/INFO] [net.creeperhost.ftbbackups.FTBBackups/]: Setting world minecraft:the_nether save state to true
[10Dec2024 01:30:00.023] [ftbbackups2_Worker-1/INFO] [net.creeperhost.ftbbackups.FTBBackups/]: Setting world sgjourney:chulak save state to true
[10Dec2024 01:30:00.023] [ftbbackups2_Worker-1/INFO] [net.creeperhost.ftbbackups.FTBBackups/]: Setting world ae2:spatial_storage save state to true
[10Dec2024 01:30:00.024] [ftbbackups2_Worker-1/INFO] [net.creeperhost.ftbbackups.FTBBackups/]: Writing to file /workspaces/SERVER-MSX/servidor_minecraft/backups/backups.json
[10Dec2024 01:30:00.024] [FTB Backups backup thread 0/INFO] [net.creeperhost.ftbbackups.FTBBackups/]: Waiting for world save to complete.
[10Dec2024 01:30:00.512] [FTB Backups backup thread 0/INFO] [net.creeperhost.levelio.loader.SaveInfo/]: Detected MC Version 1.20.1, Data version 3465
[10Dec2024 01:30:00.513] [FTB Backups backup thread 0/INFO] [net.creeperhost.levelio.loader.SaveInfo/]: Save Name: world
[10Dec2024 01:30:00.523] [FTB Backups backup thread 0/WARN] [net.creeperhost.levelio.data.Level/]: Did not find a region folder for level: /workspaces/SERVER-MSX/servidor_minecraft/./world/./DIM-1
[10Dec2024 01:30:00.523] [FTB Backups backup thread 0/WARN] [net.creeperhost.levelio.loader.LevelLoader/]: Found possible mod dimension with no region folder sgjourney:lantea
[10Dec2024 01:30:00.523] [FTB Backups backup thread 0/WARN] [net.creeperhost.levelio.loader.LevelLoader/]: Found possible mod dimension with no region folder sgjourney:abydos
[10Dec2024 01:30:00.524] [FTB Backups backup thread 0/WARN] [net.creeperhost.levelio.loader.LevelLoader/]: Found possible mod dimension with no region folder sgjourney:cavum_tenebrae
[10Dec2024 01:30:00.524] [FTB Backups backup thread 0/WARN] [net.creeperhost.levelio.loader.LevelLoader/]: Found possible mod dimension with no region folder sgjourney:chulak
[10Dec2024 01:30:00.524] [FTB Backups backup thread 0/WARN] [net.creeperhost.levelio.loader.LevelLoader/]: Found possible mod dimension with no region folder ae2:spatial_storage
[10Dec2024 01:30:00.524] [FTB Backups backup thread 0/WARN] [net.creeperhost.levelio.data.Level/]: Did not find a region folder for level: /workspaces/SERVER-MSX/servidor_minecraft/./world/./DIM1
[10Dec2024 01:30:02.223] [FTB Backups backup thread 0/INFO] [net.creeperhost.ftbbackups.FTBBackups/]: Backup preview created, Scan took 286ms, Capture took 1652ms
[10Dec2024 01:30:03.118] [FTB Backups backup thread 0/INFO] [net.creeperhost.ftbbackups.FTBBackups/]: Setting world minecraft:overworld save state to false
[10Dec2024 01:30:03.119] [FTB Backups backup thread 0/INFO] [net.creeperhost.ftbbackups.FTBBackups/]: Setting world sgjourney:abydos save state to false
[10Dec2024 01:30:03.119] [FTB Backups backup thread 0/INFO] [net.creeperhost.ftbbackups.FTBBackups/]: Setting world minecraft:the_end save state to false
[10Dec2024 01:30:03.119] [FTB Backups backup thread 0/INFO] [net.creeperhost.ftbbackups.FTBBackups/]: Setting world sgjourney:cavum_tenebrae save state to false
[10Dec2024 01:30:03.120] [FTB Backups backup thread 0/INFO] [net.creeperhost.ftbbackups.FTBBackups/]: Setting world sgjourney:lantea save state to false
[10Dec2024 01:30:03.120] [FTB Backups backup thread 0/INFO] [net.creeperhost.ftbbackups.FTBBackups/]: Setting world minecraft:the_nether save state to false
[10Dec2024 01:30:03.120] [FTB Backups backup thread 0/INFO] [net.creeperhost.ftbbackups.FTBBackups/]: Setting world sgjourney:chulak save state to false
[10Dec2024 01:30:03.120] [FTB Backups backup thread 0/INFO] [net.creeperhost.ftbbackups.FTBBackups/]: Setting world ae2:spatial_storage save state to false
[10Dec2024 01:30:03.130] [FTB Backups backup thread 0/INFO] [net.creeperhost.ftbbackups.FTBBackups/]: Backup size 3.5MB World Size 12.3MB
[10Dec2024 01:30:03.130] [FTB Backups backup thread 0/INFO] [net.creeperhost.ftbbackups.FTBBackups/]: Writing to file /workspaces/SERVER-MSX/servidor_minecraft/backups/backups.json
[10Dec2024 01:30:03.131] [FTB Backups backup thread 0/INFO] [net.creeperhost.ftbbackups.FTBBackups/]: New backup created at /workspaces/SERVER-MSX/servidor_minecraft/backups/2024-12-10_1-30-0.zip size: 3.5MB Took: 0m, 3s, 96ms Sha1: b51f5481d0bb72acd62b6764f49557762a26ad7b
[10Dec2024 01:30:08.067] [FTB Backups scheduled executor 0/INFO] [net.creeperhost.ftbbackups.FTBBackups/]: More backups than 5 found, Removing oldest backup
[10Dec2024 01:30:08.068] [FTB Backups scheduled executor 0/INFO] [net.creeperhost.ftbbackups.FTBBackups/]: Removed old backup 2024-12-9_23-0-0.zip
[10Dec2024 01:30:08.068] [FTB Backups scheduled executor 0/INFO] [net.creeperhost.ftbbackups.FTBBackups/]: File missing, removing from backups /workspaces/SERVER-MSX/servidor_minecraft/backups/2024-12-9_23-0-0.zip
[10Dec2024 01:30:08.069] [FTB Backups scheduled executor 0/INFO] [net.creeperhost.ftbbackups.FTBBackups/]: Writing to file /workspaces/SERVER-MSX/servidor_minecraft/backups/backups.json
[10Dec2024 01:36:04.640] [Server thread/WARN] [net.minecraft.server.network.ServerGamePacketListenerImpl/]: eldemedazh moved wrongly!
[10Dec2024 02:00:00.001] [ftbbackups2_Worker-1/INFO] [net.creeperhost.ftbbackups.FTBBackups/]: Attempting to create an automatic backup
[10Dec2024 02:00:00.001] [ftbbackups2_Worker-1/INFO] [net.creeperhost.ftbbackups.FTBBackups/]: Found world folder at /workspaces/SERVER-MSX/servidor_minecraft/./world/.
[10Dec2024 02:00:00.022] [ftbbackups2_Worker-1/INFO] [net.creeperhost.ftbbackups.FTBBackups/]: Last backup size: 3.5MB Current world size: 12.3MB Current Available space: 19.0GB ExpectedSize 3.6MB
[10Dec2024 02:00:00.023] [ftbbackups2_Worker-1/INFO] [net.creeperhost.ftbbackups.FTBBackups/]: Setting world minecraft:overworld save state to true
[10Dec2024 02:00:00.023] [ftbbackups2_Worker-1/INFO] [net.creeperhost.ftbbackups.FTBBackups/]: Setting world sgjourney:abydos save state to true
[10Dec2024 02:00:00.023] [ftbbackups2_Worker-1/INFO] [net.creeperhost.ftbbackups.FTBBackups/]: Setting world minecraft:the_end save state to true
[10Dec2024 02:00:00.023] [ftbbackups2_Worker-1/INFO] [net.creeperhost.ftbbackups.FTBBackups/]: Setting world sgjourney:cavum_tenebrae save state to true
[10Dec2024 02:00:00.026] [ftbbackups2_Worker-1/INFO] [net.creeperhost.ftbbackups.FTBBackups/]: Setting world sgjourney:lantea save state to true
[10Dec2024 02:00:00.026] [ftbbackups2_Worker-1/INFO] [net.creeperhost.ftbbackups.FTBBackups/]: Setting world minecraft:the_nether save state to true
[10Dec2024 02:00:00.026] [ftbbackups2_Worker-1/INFO] [net.creeperhost.ftbbackups.FTBBackups/]: Setting world sgjourney:chulak save state to true
[10Dec2024 02:00:00.026] [ftbbackups2_Worker-1/INFO] [net.creeperhost.ftbbackups.FTBBackups/]: Setting world ae2:spatial_storage save state to true
[10Dec2024 02:00:00.027] [ftbbackups2_Worker-1/INFO] [net.creeperhost.ftbbackups.FTBBackups/]: Writing to file /workspaces/SERVER-MSX/servidor_minecraft/backups/backups.json
[10Dec2024 02:00:00.028] [FTB Backups backup thread 0/INFO] [net.creeperhost.ftbbackups.FTBBackups/]: Waiting for world save to complete.
[10Dec2024 02:00:00.456] [FTB Backups backup thread 0/INFO] [net.creeperhost.levelio.loader.SaveInfo/]: Detected MC Version 1.20.1, Data version 3465
[10Dec2024 02:00:00.456] [FTB Backups backup thread 0/INFO] [net.creeperhost.levelio.loader.SaveInfo/]: Save Name: world
[10Dec2024 02:00:00.460] [FTB Backups backup thread 0/WARN] [net.creeperhost.levelio.data.Level/]: Did not find a region folder for level: /workspaces/SERVER-MSX/servidor_minecraft/./world/./DIM-1
[10Dec2024 02:00:00.460] [FTB Backups backup thread 0/WARN] [net.creeperhost.levelio.loader.LevelLoader/]: Found possible mod dimension with no region folder sgjourney:lantea
[10Dec2024 02:00:00.460] [FTB Backups backup thread 0/WARN] [net.creeperhost.levelio.loader.LevelLoader/]: Found possible mod dimension with no region folder sgjourney:abydos
[10Dec2024 02:00:00.461] [FTB Backups backup thread 0/WARN] [net.creeperhost.levelio.loader.LevelLoader/]: Found possible mod dimension with no region folder sgjourney:cavum_tenebrae
[10Dec2024 02:00:00.461] [FTB Backups backup thread 0/WARN] [net.creeperhost.levelio.loader.LevelLoader/]: Found possible mod dimension with no region folder sgjourney:chulak
[10Dec2024 02:00:00.461] [FTB Backups backup thread 0/WARN] [net.creeperhost.levelio.loader.LevelLoader/]: Found possible mod dimension with no region folder ae2:spatial_storage
[10Dec2024 02:00:00.461] [FTB Backups backup thread 0/WARN] [net.creeperhost.levelio.data.Level/]: Did not find a region folder for level: /workspaces/SERVER-MSX/servidor_minecraft/./world/./DIM1
[10Dec2024 02:00:02.150] [FTB Backups backup thread 0/INFO] [net.creeperhost.ftbbackups.FTBBackups/]: Backup preview created, Scan took 207ms, Capture took 1657ms
[10Dec2024 02:00:03.060] [FTB Backups backup thread 0/INFO] [net.creeperhost.ftbbackups.FTBBackups/]: Setting world minecraft:overworld save state to false
[10Dec2024 02:00:03.061] [FTB Backups backup thread 0/INFO] [net.creeperhost.ftbbackups.FTBBackups/]: Setting world sgjourney:abydos save state to false
[10Dec2024 02:00:03.061] [FTB Backups backup thread 0/INFO] [net.creeperhost.ftbbackups.FTBBackups/]: Setting world minecraft:the_end save state to false
[10Dec2024 02:00:03.061] [FTB Backups backup thread 0/INFO] [net.creeperhost.ftbbackups.FTBBackups/]: Setting world sgjourney:cavum_tenebrae save state to false
[10Dec2024 02:00:03.061] [FTB Backups backup thread 0/INFO] [net.creeperhost.ftbbackups.FTBBackups/]: Setting world sgjourney:lantea save state to false
[10Dec2024 02:00:03.061] [FTB Backups backup thread 0/INFO] [net.creeperhost.ftbbackups.FTBBackups/]: Setting world minecraft:the_nether save state to false
[10Dec2024 02:00:03.062] [FTB Backups backup thread 0/INFO] [net.creeperhost.ftbbackups.FTBBackups/]: Setting world sgjourney:chulak save state to false
[10Dec2024 02:00:03.062] [FTB Backups backup thread 0/INFO] [net.creeperhost.ftbbackups.FTBBackups/]: Setting world ae2:spatial_storage save state to false
[10Dec2024 02:00:03.072] [FTB Backups backup thread 0/INFO] [net.creeperhost.ftbbackups.FTBBackups/]: Backup size 3.5MB World Size 12.3MB
[10Dec2024 02:00:03.080] [FTB Backups backup thread 0/INFO] [net.creeperhost.ftbbackups.FTBBackups/]: Writing to file /workspaces/SERVER-MSX/servidor_minecraft/backups/backups.json
[10Dec2024 02:00:03.081] [FTB Backups backup thread 0/INFO] [net.creeperhost.ftbbackups.FTBBackups/]: New backup created at /workspaces/SERVER-MSX/servidor_minecraft/backups/2024-12-10_2-0-0.zip size: 3.5MB Took: 0m, 3s, 35ms Sha1: 7871582dddd271a8329236c676638f76c7284a35
[10Dec2024 02:00:08.081] [FTB Backups scheduled executor 0/INFO] [net.creeperhost.ftbbackups.FTBBackups/]: More backups than 5 found, Removing oldest backup
[10Dec2024 02:00:08.083] [FTB Backups scheduled executor 0/INFO] [net.creeperhost.ftbbackups.FTBBackups/]: Removed old backup 2024-12-9_23-30-0.zip
[10Dec2024 02:00:08.083] [FTB Backups scheduled executor 0/INFO] [net.creeperhost.ftbbackups.FTBBackups/]: File missing, removing from backups /workspaces/SERVER-MSX/servidor_minecraft/backups/2024-12-9_23-30-0.zip
[10Dec2024 02:00:08.084] [FTB Backups scheduled executor 0/INFO] [net.creeperhost.ftbbackups.FTBBackups/]: Writing to file /workspaces/SERVER-MSX/servidor_minecraft/backups/backups.json
[10Dec2024 02:30:00.002] [ftbbackups2_Worker-1/INFO] [net.creeperhost.ftbbackups.FTBBackups/]: Attempting to create an automatic backup
[10Dec2024 02:30:00.002] [ftbbackups2_Worker-1/INFO] [net.creeperhost.ftbbackups.FTBBackups/]: Found world folder at /workspaces/SERVER-MSX/servidor_minecraft/./world/.
[10Dec2024 02:30:00.024] [ftbbackups2_Worker-1/INFO] [net.creeperhost.ftbbackups.FTBBackups/]: Last backup size: 3.5MB Current world size: 12.3MB Current Available space: 19.0GB ExpectedSize 3.6MB
[10Dec2024 02:30:00.024] [ftbbackups2_Worker-1/INFO] [net.creeperhost.ftbbackups.FTBBackups/]: Setting world minecraft:overworld save state to true
[10Dec2024 02:30:00.024] [ftbbackups2_Worker-1/INFO] [net.creeperhost.ftbbackups.FTBBackups/]: Setting world sgjourney:abydos save state to true
[10Dec2024 02:30:00.025] [ftbbackups2_Worker-1/INFO] [net.creeperhost.ftbbackups.FTBBackups/]: Setting world minecraft:the_end save state to true
[10Dec2024 02:30:00.025] [ftbbackups2_Worker-1/INFO] [net.creeperhost.ftbbackups.FTBBackups/]: Setting world sgjourney:cavum_tenebrae save state to true
[10Dec2024 02:30:00.025] [ftbbackups2_Worker-1/INFO] [net.creeperhost.ftbbackups.FTBBackups/]: Setting world sgjourney:lantea save state to true
[10Dec2024 02:30:00.025] [ftbbackups2_Worker-1/INFO] [net.creeperhost.ftbbackups.FTBBackups/]: Setting world minecraft:the_nether save state to true
[10Dec2024 02:30:00.027] [ftbbackups2_Worker-1/INFO] [net.creeperhost.ftbbackups.FTBBackups/]: Setting world sgjourney:chulak save state to true
[10Dec2024 02:30:00.027] [ftbbackups2_Worker-1/INFO] [net.creeperhost.ftbbackups.FTBBackups/]: Setting world ae2:spatial_storage save state to true
[10Dec2024 02:30:00.028] [ftbbackups2_Worker-1/INFO] [net.creeperhost.ftbbackups.FTBBackups/]: Writing to file /workspaces/SERVER-MSX/servidor_minecraft/backups/backups.json
[10Dec2024 02:30:00.029] [FTB Backups backup thread 0/INFO] [net.creeperhost.ftbbackups.FTBBackups/]: Waiting for world save to complete.
[10Dec2024 02:30:00.423] [FTB Backups backup thread 0/INFO] [net.creeperhost.levelio.loader.SaveInfo/]: Detected MC Version 1.20.1, Data version 3465
[10Dec2024 02:30:00.423] [FTB Backups backup thread 0/INFO] [net.creeperhost.levelio.loader.SaveInfo/]: Save Name: world
[10Dec2024 02:30:00.428] [FTB Backups backup thread 0/WARN] [net.creeperhost.levelio.data.Level/]: Did not find a region folder for level: /workspaces/SERVER-MSX/servidor_minecraft/./world/./DIM-1
[10Dec2024 02:30:00.428] [FTB Backups backup thread 0/WARN] [net.creeperhost.levelio.loader.LevelLoader/]: Found possible mod dimension with no region folder sgjourney:lantea
[10Dec2024 02:30:00.428] [FTB Backups backup thread 0/WARN] [net.creeperhost.levelio.loader.LevelLoader/]: Found possible mod dimension with no region folder sgjourney:abydos
[10Dec2024 02:30:00.428] [FTB Backups backup thread 0/WARN] [net.creeperhost.levelio.loader.LevelLoader/]: Found possible mod dimension with no region folder sgjourney:cavum_tenebrae
[10Dec2024 02:30:00.428] [FTB Backups backup thread 0/WARN] [net.creeperhost.levelio.loader.LevelLoader/]: Found possible mod dimension with no region folder sgjourney:chulak
[10Dec2024 02:30:00.428] [FTB Backups backup thread 0/WARN] [net.creeperhost.levelio.loader.LevelLoader/]: Found possible mod dimension with no region folder ae2:spatial_storage
[10Dec2024 02:30:00.429] [FTB Backups backup thread 0/WARN] [net.creeperhost.levelio.data.Level/]: Did not find a region folder for level: /workspaces/SERVER-MSX/servidor_minecraft/./world/./DIM1
[10Dec2024 02:30:01.558] [FTB Backups backup thread 0/INFO] [net.creeperhost.ftbbackups.FTBBackups/]: Backup preview created, Scan took 188ms, Capture took 1079ms
[10Dec2024 02:30:02.406] [FTB Backups backup thread 0/INFO] [net.creeperhost.ftbbackups.FTBBackups/]: Setting world minecraft:overworld save state to false
[10Dec2024 02:30:02.406] [FTB Backups backup thread 0/INFO] [net.creeperhost.ftbbackups.FTBBackups/]: Setting world sgjourney:abydos save state to false
[10Dec2024 02:30:02.406] [FTB Backups backup thread 0/INFO] [net.creeperhost.ftbbackups.FTBBackups/]: Setting world minecraft:the_end save state to false
[10Dec2024 02:30:02.406] [FTB Backups backup thread 0/INFO] [net.creeperhost.ftbbackups.FTBBackups/]: Setting world sgjourney:cavum_tenebrae save state to false
[10Dec2024 02:30:02.406] [FTB Backups backup thread 0/INFO] [net.creeperhost.ftbbackups.FTBBackups/]: Setting world sgjourney:lantea save state to false
[10Dec2024 02:30:02.406] [FTB Backups backup thread 0/INFO] [net.creeperhost.ftbbackups.FTBBackups/]: Setting world minecraft:the_nether save state to false
[10Dec2024 02:30:02.406] [FTB Backups backup thread 0/INFO] [net.creeperhost.ftbbackups.FTBBackups/]: Setting world sgjourney:chulak save state to false
[10Dec2024 02:30:02.406] [FTB Backups backup thread 0/INFO] [net.creeperhost.ftbbackups.FTBBackups/]: Setting world ae2:spatial_storage save state to false
[10Dec2024 02:30:02.414] [FTB Backups backup thread 0/INFO] [net.creeperhost.ftbbackups.FTBBackups/]: Backup size 3.5MB World Size 12.3MB
[10Dec2024 02:30:02.415] [FTB Backups backup thread 0/INFO] [net.creeperhost.ftbbackups.FTBBackups/]: Writing to file /workspaces/SERVER-MSX/servidor_minecraft/backups/backups.json
[10Dec2024 02:30:02.415] [FTB Backups backup thread 0/INFO] [net.creeperhost.ftbbackups.FTBBackups/]: New backup created at /workspaces/SERVER-MSX/servidor_minecraft/backups/2024-12-10_2-30-0.zip size: 3.5MB Took: 0m, 2s, 379ms Sha1: f13806b7c8586b4b213ec4abe72d40a21882ee58
[10Dec2024 02:30:08.067] [FTB Backups scheduled executor 0/INFO] [net.creeperhost.ftbbackups.FTBBackups/]: More backups than 5 found, Removing oldest backup
[10Dec2024 02:30:08.068] [FTB Backups scheduled executor 0/INFO] [net.creeperhost.ftbbackups.FTBBackups/]: Removed old backup 2024-12-10_0-0-0.zip
[10Dec2024 02:30:08.068] [FTB Backups scheduled executor 0/INFO] [net.creeperhost.ftbbackups.FTBBackups/]: File missing, removing from backups /workspaces/SERVER-MSX/servidor_minecraft/backups/2024-12-10_0-0-0.zip
[10Dec2024 02:30:08.069] [FTB Backups scheduled executor 0/INFO] [net.creeperhost.ftbbackups.FTBBackups/]: Writing to file /workspaces/SERVER-MSX/servidor_minecraft/backups/backups.json
[10Dec2024 03:00:00.002] [ftbbackups2_Worker-1/INFO] [net.creeperhost.ftbbackups.FTBBackups/]: Attempting to create an automatic backup
[10Dec2024 03:00:00.002] [ftbbackups2_Worker-1/INFO] [net.creeperhost.ftbbackups.FTBBackups/]: Found world folder at /workspaces/SERVER-MSX/servidor_minecraft/./world/.
[10Dec2024 03:00:00.030] [ftbbackups2_Worker-1/INFO] [net.creeperhost.ftbbackups.FTBBackups/]: Last backup size: 3.5MB Current world size: 12.3MB Current Available space: 19.0GB ExpectedSize 3.6MB
[10Dec2024 03:00:00.031] [ftbbackups2_Worker-1/INFO] [net.creeperhost.ftbbackups.FTBBackups/]: Setting world minecraft:overworld save state to true
[10Dec2024 03:00:00.031] [ftbbackups2_Worker-1/INFO] [net.creeperhost.ftbbackups.FTBBackups/]: Setting world sgjourney:abydos save state to true
[10Dec2024 03:00:00.031] [ftbbackups2_Worker-1/INFO] [net.creeperhost.ftbbackups.FTBBackups/]: Setting world minecraft:the_end save state to true
[10Dec2024 03:00:00.031] [ftbbackups2_Worker-1/INFO] [net.creeperhost.ftbbackups.FTBBackups/]: Setting world sgjourney:cavum_tenebrae save state to true
[10Dec2024 03:00:00.031] [ftbbackups2_Worker-1/INFO] [net.creeperhost.ftbbackups.FTBBackups/]: Setting world sgjourney:lantea save state to true
[10Dec2024 03:00:00.031] [ftbbackups2_Worker-1/INFO] [net.creeperhost.ftbbackups.FTBBackups/]: Setting world minecraft:the_nether save state to true
[10Dec2024 03:00:00.031] [ftbbackups2_Worker-1/INFO] [net.creeperhost.ftbbackups.FTBBackups/]: Setting world sgjourney:chulak save state to true
[10Dec2024 03:00:00.031] [ftbbackups2_Worker-1/INFO] [net.creeperhost.ftbbackups.FTBBackups/]: Setting world ae2:spatial_storage save state to true
[10Dec2024 03:00:00.032] [ftbbackups2_Worker-1/INFO] [net.creeperhost.ftbbackups.FTBBackups/]: Writing to file /workspaces/SERVER-MSX/servidor_minecraft/backups/backups.json
[10Dec2024 03:00:00.032] [FTB Backups backup thread 0/INFO] [net.creeperhost.ftbbackups.FTBBackups/]: Waiting for world save to complete.
[10Dec2024 03:00:00.527] [FTB Backups backup thread 0/INFO] [net.creeperhost.levelio.loader.SaveInfo/]: Detected MC Version 1.20.1, Data version 3465
[10Dec2024 03:00:00.527] [FTB Backups backup thread 0/INFO] [net.creeperhost.levelio.loader.SaveInfo/]: Save Name: world
[10Dec2024 03:00:00.546] [FTB Backups backup thread 0/WARN] [net.creeperhost.levelio.data.Level/]: Did not find a region folder for level: /workspaces/SERVER-MSX/servidor_minecraft/./world/./DIM-1
[10Dec2024 03:00:00.547] [FTB Backups backup thread 0/WARN] [net.creeperhost.levelio.loader.LevelLoader/]: Found possible mod dimension with no region folder sgjourney:lantea
[10Dec2024 03:00:00.547] [FTB Backups backup thread 0/WARN] [net.creeperhost.levelio.loader.LevelLoader/]: Found possible mod dimension with no region folder sgjourney:abydos
[10Dec2024 03:00:00.547] [FTB Backups backup thread 0/WARN] [net.creeperhost.levelio.loader.LevelLoader/]: Found possible mod dimension with no region folder sgjourney:cavum_tenebrae
[10Dec2024 03:00:00.547] [FTB Backups backup thread 0/WARN] [net.creeperhost.levelio.loader.LevelLoader/]: Found possible mod dimension with no region folder sgjourney:chulak
[10Dec2024 03:00:00.547] [FTB Backups backup thread 0/WARN] [net.creeperhost.levelio.loader.LevelLoader/]: Found possible mod dimension with no region folder ae2:spatial_storage
[10Dec2024 03:00:00.547] [FTB Backups backup thread 0/WARN] [net.creeperhost.levelio.data.Level/]: Did not find a region folder for level: /workspaces/SERVER-MSX/servidor_minecraft/./world/./DIM1
[10Dec2024 03:00:01.771] [FTB Backups backup thread 0/INFO] [net.creeperhost.ftbbackups.FTBBackups/]: Backup preview created, Scan took 307ms, Capture took 1164ms
[10Dec2024 03:00:02.628] [FTB Backups backup thread 0/INFO] [net.creeperhost.ftbbackups.FTBBackups/]: Setting world minecraft:overworld save state to false
[10Dec2024 03:00:02.628] [FTB Backups backup thread 0/INFO] [net.creeperhost.ftbbackups.FTBBackups/]: Setting world sgjourney:abydos save state to false
[10Dec2024 03:00:02.628] [FTB Backups backup thread 0/INFO] [net.creeperhost.ftbbackups.FTBBackups/]: Setting world minecraft:the_end save state to false
[10Dec2024 03:00:02.629] [FTB Backups backup thread 0/INFO] [net.creeperhost.ftbbackups.FTBBackups/]: Setting world sgjourney:cavum_tenebrae save state to false
[10Dec2024 03:00:02.629] [FTB Backups backup thread 0/INFO] [net.creeperhost.ftbbackups.FTBBackups/]: Setting world sgjourney:lantea save state to false
[10Dec2024 03:00:02.629] [FTB Backups backup thread 0/INFO] [net.creeperhost.ftbbackups.FTBBackups/]: Setting world minecraft:the_nether save state to false
[10Dec2024 03:00:02.629] [FTB Backups backup thread 0/INFO] [net.creeperhost.ftbbackups.FTBBackups/]: Setting world sgjourney:chulak save state to false
[10Dec2024 03:00:02.629] [FTB Backups backup thread 0/INFO] [net.creeperhost.ftbbackups.FTBBackups/]: Setting world ae2:spatial_storage save state to false
[10Dec2024 03:00:02.639] [FTB Backups backup thread 0/INFO] [net.creeperhost.ftbbackups.FTBBackups/]: Backup size 3.5MB World Size 12.3MB
[10Dec2024 03:00:02.640] [FTB Backups backup thread 0/INFO] [net.creeperhost.ftbbackups.FTBBackups/]: Writing to file /workspaces/SERVER-MSX/servidor_minecraft/backups/backups.json
[10Dec2024 03:00:02.640] [FTB Backups backup thread 0/INFO] [net.creeperhost.ftbbackups.FTBBackups/]: New backup created at /workspaces/SERVER-MSX/servidor_minecraft/backups/2024-12-10_3-0-0.zip size: 3.5MB Took: 0m, 2s, 598ms Sha1: 54fc20457e0ece6e2642eb328c6f035d8dd1c14b
[10Dec2024 03:00:08.067] [FTB Backups scheduled executor 0/INFO] [net.creeperhost.ftbbackups.FTBBackups/]: More backups than 5 found, Removing oldest backup
[10Dec2024 03:00:08.068] [FTB Backups scheduled executor 0/INFO] [net.creeperhost.ftbbackups.FTBBackups/]: Removed old backup 2024-12-10_0-30-0.zip
[10Dec2024 03:00:08.069] [FTB Backups scheduled executor 0/INFO] [net.creeperhost.ftbbackups.FTBBackups/]: File missing, removing from backups /workspaces/SERVER-MSX/servidor_minecraft/backups/2024-12-10_0-30-0.zip
[10Dec2024 03:00:08.070] [FTB Backups scheduled executor 0/INFO] [net.creeperhost.ftbbackups.FTBBackups/]: Writing to file /workspaces/SERVER-MSX/servidor_minecraft/backups/backups.json
[10Dec2024 03:28:38.312] [Server thread/INFO] [net.minecraft.server.MinecraftServer/]: eldemedazh has made the advancement [Unknown Technology]
[10Dec2024 03:30:00.001] [ftbbackups2_Worker-1/INFO] [net.creeperhost.ftbbackups.FTBBackups/]: Attempting to create an automatic backup
[10Dec2024 03:30:00.001] [ftbbackups2_Worker-1/INFO] [net.creeperhost.ftbbackups.FTBBackups/]: Found world folder at /workspaces/SERVER-MSX/servidor_minecraft/./world/.
[10Dec2024 03:30:00.025] [ftbbackups2_Worker-1/INFO] [net.creeperhost.ftbbackups.FTBBackups/]: Last backup size: 3.5MB Current world size: 12.3MB Current Available space: 19.0GB ExpectedSize 3.6MB
[10Dec2024 03:30:00.025] [ftbbackups2_Worker-1/INFO] [net.creeperhost.ftbbackups.FTBBackups/]: Setting world minecraft:overworld save state to true
[10Dec2024 03:30:00.026] [ftbbackups2_Worker-1/INFO] [net.creeperhost.ftbbackups.FTBBackups/]: Setting world sgjourney:abydos save state to true
[10Dec2024 03:30:00.026] [ftbbackups2_Worker-1/INFO] [net.creeperhost.ftbbackups.FTBBackups/]: Setting world minecraft:the_end save state to true
[10Dec2024 03:30:00.026] [ftbbackups2_Worker-1/INFO] [net.creeperhost.ftbbackups.FTBBackups/]: Setting world sgjourney:cavum_tenebrae save state to true
[10Dec2024 03:30:00.026] [ftbbackups2_Worker-1/INFO] [net.creeperhost.ftbbackups.FTBBackups/]: Setting world sgjourney:lantea save state to true
[10Dec2024 03:30:00.027] [ftbbackups2_Worker-1/INFO] [net.creeperhost.ftbbackups.FTBBackups/]: Setting world minecraft:the_nether save state to true
[10Dec2024 03:30:00.027] [ftbbackups2_Worker-1/INFO] [net.creeperhost.ftbbackups.FTBBackups/]: Setting world sgjourney:chulak save state to true
[10Dec2024 03:30:00.028] [ftbbackups2_Worker-1/INFO] [net.creeperhost.ftbbackups.FTBBackups/]: Setting world ae2:spatial_storage save state to true
[10Dec2024 03:30:00.028] [ftbbackups2_Worker-1/INFO] [net.creeperhost.ftbbackups.FTBBackups/]: Writing to file /workspaces/SERVER-MSX/servidor_minecraft/backups/backups.json
[10Dec2024 03:30:00.029] [FTB Backups backup thread 0/INFO] [net.creeperhost.ftbbackups.FTBBackups/]: Waiting for world save to complete.
[10Dec2024 03:30:00.427] [FTB Backups backup thread 0/INFO] [net.creeperhost.levelio.loader.SaveInfo/]: Detected MC Version 1.20.1, Data version 3465
[10Dec2024 03:30:00.427] [FTB Backups backup thread 0/INFO] [net.creeperhost.levelio.loader.SaveInfo/]: Save Name: world
[10Dec2024 03:30:00.432] [FTB Backups backup thread 0/WARN] [net.creeperhost.levelio.data.Level/]: Did not find a region folder for level: /workspaces/SERVER-MSX/servidor_minecraft/./world/./DIM-1
[10Dec2024 03:30:00.432] [FTB Backups backup thread 0/WARN] [net.creeperhost.levelio.loader.LevelLoader/]: Found possible mod dimension with no region folder sgjourney:lantea
[10Dec2024 03:30:00.432] [FTB Backups backup thread 0/WARN] [net.creeperhost.levelio.loader.LevelLoader/]: Found possible mod dimension with no region folder sgjourney:abydos
[10Dec2024 03:30:00.433] [FTB Backups backup thread 0/WARN] [net.creeperhost.levelio.loader.LevelLoader/]: Found possible mod dimension with no region folder sgjourney:cavum_tenebrae
[10Dec2024 03:30:00.433] [FTB Backups backup thread 0/WARN] [net.creeperhost.levelio.loader.LevelLoader/]: Found possible mod dimension with no region folder sgjourney:chulak
[10Dec2024 03:30:00.434] [FTB Backups backup thread 0/WARN] [net.creeperhost.levelio.loader.LevelLoader/]: Found possible mod dimension with no region folder ae2:spatial_storage
[10Dec2024 03:30:00.434] [FTB Backups backup thread 0/WARN] [net.creeperhost.levelio.data.Level/]: Did not find a region folder for level: /workspaces/SERVER-MSX/servidor_minecraft/./world/./DIM1
[10Dec2024 03:30:01.942] [FTB Backups backup thread 0/INFO] [net.creeperhost.ftbbackups.FTBBackups/]: Backup preview created, Scan took 179ms, Capture took 1472ms
[10Dec2024 03:30:02.890] [FTB Backups backup thread 0/INFO] [net.creeperhost.ftbbackups.FTBBackups/]: Setting world minecraft:overworld save state to false
[10Dec2024 03:30:02.890] [FTB Backups backup thread 0/INFO] [net.creeperhost.ftbbackups.FTBBackups/]: Setting world sgjourney:abydos save state to false
[10Dec2024 03:30:02.890] [FTB Backups backup thread 0/INFO] [net.creeperhost.ftbbackups.FTBBackups/]: Setting world minecraft:the_end save state to false
[10Dec2024 03:30:02.890] [FTB Backups backup thread 0/INFO] [net.creeperhost.ftbbackups.FTBBackups/]: Setting world sgjourney:cavum_tenebrae save state to false
[10Dec2024 03:30:02.890] [FTB Backups backup thread 0/INFO] [net.creeperhost.ftbbackups.FTBBackups/]: Setting world sgjourney:lantea save state to false
[10Dec2024 03:30:02.890] [FTB Backups backup thread 0/INFO] [net.creeperhost.ftbbackups.FTBBackups/]: Setting world minecraft:the_nether save state to false
[10Dec2024 03:30:02.890] [FTB Backups backup thread 0/INFO] [net.creeperhost.ftbbackups.FTBBackups/]: Setting world sgjourney:chulak save state to false
[10Dec2024 03:30:02.891] [FTB Backups backup thread 0/INFO] [net.creeperhost.ftbbackups.FTBBackups/]: Setting world ae2:spatial_storage save state to false
[10Dec2024 03:30:02.931] [FTB Backups backup thread 0/INFO] [net.creeperhost.ftbbackups.FTBBackups/]: Backup size 3.5MB World Size 12.3MB
[10Dec2024 03:30:02.932] [FTB Backups backup thread 0/INFO] [net.creeperhost.ftbbackups.FTBBackups/]: Writing to file /workspaces/SERVER-MSX/servidor_minecraft/backups/backups.json
[10Dec2024 03:30:02.933] [FTB Backups backup thread 0/INFO] [net.creeperhost.ftbbackups.FTBBackups/]: New backup created at /workspaces/SERVER-MSX/servidor_minecraft/backups/2024-12-10_3-30-0.zip size: 3.5MB Took: 0m, 2s, 862ms Sha1: 49b56d2f2adc6a029a5b2dd526288e96e5e0f4e5
[10Dec2024 03:30:08.067] [FTB Backups scheduled executor 0/INFO] [net.creeperhost.ftbbackups.FTBBackups/]: More backups than 5 found, Removing oldest backup
[10Dec2024 03:30:08.068] [FTB Backups scheduled executor 0/INFO] [net.creeperhost.ftbbackups.FTBBackups/]: Removed old backup 2024-12-10_1-0-0.zip
[10Dec2024 03:30:08.068] [FTB Backups scheduled executor 0/INFO] [net.creeperhost.ftbbackups.FTBBackups/]: File missing, removing from backups /workspaces/SERVER-MSX/servidor_minecraft/backups/2024-12-10_1-0-0.zip
[10Dec2024 03:30:08.068] [FTB Backups scheduled executor 0/INFO] [net.creeperhost.ftbbackups.FTBBackups/]: Writing to file /workspaces/SERVER-MSX/servidor_minecraft/backups/backups.json
[10Dec2024 04:00:00.002] [ftbbackups2_Worker-1/INFO] [net.creeperhost.ftbbackups.FTBBackups/]: Attempting to create an automatic backup
[10Dec2024 04:00:00.002] [ftbbackups2_Worker-1/INFO] [net.creeperhost.ftbbackups.FTBBackups/]: Found world folder at /workspaces/SERVER-MSX/servidor_minecraft/./world/.
[10Dec2024 04:00:00.023] [ftbbackups2_Worker-1/INFO] [net.creeperhost.ftbbackups.FTBBackups/]: Last backup size: 3.5MB Current world size: 12.3MB Current Available space: 19.0GB ExpectedSize 3.6MB
[10Dec2024 04:00:00.023] [ftbbackups2_Worker-1/INFO] [net.creeperhost.ftbbackups.FTBBackups/]: Setting world minecraft:overworld save state to true
[10Dec2024 04:00:00.023] [ftbbackups2_Worker-1/INFO] [net.creeperhost.ftbbackups.FTBBackups/]: Setting world sgjourney:abydos save state to true
[10Dec2024 04:00:00.023] [ftbbackups2_Worker-1/INFO] [net.creeperhost.ftbbackups.FTBBackups/]: Setting world minecraft:the_end save state to true
[10Dec2024 04:00:00.023] [ftbbackups2_Worker-1/INFO] [net.creeperhost.ftbbackups.FTBBackups/]: Setting world sgjourney:cavum_tenebrae save state to true
[10Dec2024 04:00:00.023] [ftbbackups2_Worker-1/INFO] [net.creeperhost.ftbbackups.FTBBackups/]: Setting world sgjourney:lantea save state to true
[10Dec2024 04:00:00.023] [ftbbackups2_Worker-1/INFO] [net.creeperhost.ftbbackups.FTBBackups/]: Setting world minecraft:the_nether save state to true
[10Dec2024 04:00:00.023] [ftbbackups2_Worker-1/INFO] [net.creeperhost.ftbbackups.FTBBackups/]: Setting world sgjourney:chulak save state to true
[10Dec2024 04:00:00.023] [ftbbackups2_Worker-1/INFO] [net.creeperhost.ftbbackups.FTBBackups/]: Setting world ae2:spatial_storage save state to true
[10Dec2024 04:00:00.024] [ftbbackups2_Worker-1/INFO] [net.creeperhost.ftbbackups.FTBBackups/]: Writing to file /workspaces/SERVER-MSX/servidor_minecraft/backups/backups.json
[10Dec2024 04:00:00.024] [FTB Backups backup thread 0/INFO] [net.creeperhost.ftbbackups.FTBBackups/]: Waiting for world save to complete.
[10Dec2024 04:00:00.408] [FTB Backups backup thread 0/INFO] [net.creeperhost.levelio.loader.SaveInfo/]: Detected MC Version 1.20.1, Data version 3465
[10Dec2024 04:00:00.408] [FTB Backups backup thread 0/INFO] [net.creeperhost.levelio.loader.SaveInfo/]: Save Name: world
[10Dec2024 04:00:00.412] [FTB Backups backup thread 0/WARN] [net.creeperhost.levelio.data.Level/]: Did not find a region folder for level: /workspaces/SERVER-MSX/servidor_minecraft/./world/./DIM-1
[10Dec2024 04:00:00.413] [FTB Backups backup thread 0/WARN] [net.creeperhost.levelio.loader.LevelLoader/]: Found possible mod dimension with no region folder sgjourney:lantea
[10Dec2024 04:00:00.413] [FTB Backups backup thread 0/WARN] [net.creeperhost.levelio.loader.LevelLoader/]: Found possible mod dimension with no region folder sgjourney:abydos
[10Dec2024 04:00:00.413] [FTB Backups backup thread 0/WARN] [net.creeperhost.levelio.loader.LevelLoader/]: Found possible mod dimension with no region folder sgjourney:cavum_tenebrae
[10Dec2024 04:00:00.413] [FTB Backups backup thread 0/WARN] [net.creeperhost.levelio.loader.LevelLoader/]: Found possible mod dimension with no region folder sgjourney:chulak
[10Dec2024 04:00:00.413] [FTB Backups backup thread 0/WARN] [net.creeperhost.levelio.loader.LevelLoader/]: Found possible mod dimension with no region folder ae2:spatial_storage
[10Dec2024 04:00:00.413] [FTB Backups backup thread 0/WARN] [net.creeperhost.levelio.data.Level/]: Did not find a region folder for level: /workspaces/SERVER-MSX/servidor_minecraft/./world/./DIM1
[10Dec2024 04:00:02.145] [FTB Backups backup thread 0/INFO] [net.creeperhost.ftbbackups.FTBBackups/]: Backup preview created, Scan took 164ms, Capture took 1703ms
[10Dec2024 04:00:02.858] [FTB Backups backup thread 0/INFO] [net.creeperhost.ftbbackups.FTBBackups/]: Setting world minecraft:overworld save state to false
[10Dec2024 04:00:02.858] [FTB Backups backup thread 0/INFO] [net.creeperhost.ftbbackups.FTBBackups/]: Setting world sgjourney:abydos save state to false
[10Dec2024 04:00:02.859] [FTB Backups backup thread 0/INFO] [net.creeperhost.ftbbackups.FTBBackups/]: Setting world minecraft:the_end save state to false
[10Dec2024 04:00:02.859] [FTB Backups backup thread 0/INFO] [net.creeperhost.ftbbackups.FTBBackups/]: Setting world sgjourney:cavum_tenebrae save state to false
[10Dec2024 04:00:02.859] [FTB Backups backup thread 0/INFO] [net.creeperhost.ftbbackups.FTBBackups/]: Setting world sgjourney:lantea save state to false
[10Dec2024 04:00:02.859] [FTB Backups backup thread 0/INFO] [net.creeperhost.ftbbackups.FTBBackups/]: Setting world minecraft:the_nether save state to false
[10Dec2024 04:00:02.860] [FTB Backups backup thread 0/INFO] [net.creeperhost.ftbbackups.FTBBackups/]: Setting world sgjourney:chulak save state to false
[10Dec2024 04:00:02.860] [FTB Backups backup thread 0/INFO] [net.creeperhost.ftbbackups.FTBBackups/]: Setting world ae2:spatial_storage save state to false
[10Dec2024 04:00:02.869] [FTB Backups backup thread 0/INFO] [net.creeperhost.ftbbackups.FTBBackups/]: Backup size 3.5MB World Size 12.3MB
[10Dec2024 04:00:02.869] [FTB Backups backup thread 0/INFO] [net.creeperhost.ftbbackups.FTBBackups/]: Writing to file /workspaces/SERVER-MSX/servidor_minecraft/backups/backups.json
[10Dec2024 04:00:02.870] [FTB Backups backup thread 0/INFO] [net.creeperhost.ftbbackups.FTBBackups/]: New backup created at /workspaces/SERVER-MSX/servidor_minecraft/backups/2024-12-10_4-0-0.zip size: 3.5MB Took: 0m, 2s, 836ms Sha1: bcee3d56e6ea28d977c6fbb7a654b8c7ee546c28
[10Dec2024 04:00:08.067] [FTB Backups scheduled executor 0/INFO] [net.creeperhost.ftbbackups.FTBBackups/]: More backups than 5 found, Removing oldest backup
[10Dec2024 04:00:08.068] [FTB Backups scheduled executor 0/INFO] [net.creeperhost.ftbbackups.FTBBackups/]: Removed old backup 2024-12-10_1-30-0.zip
[10Dec2024 04:00:08.068] [FTB Backups scheduled executor 0/INFO] [net.creeperhost.ftbbackups.FTBBackups/]: File missing, removing from backups /workspaces/SERVER-MSX/servidor_minecraft/backups/2024-12-10_1-30-0.zip
[10Dec2024 04:00:08.069] [FTB Backups scheduled executor 0/INFO] [net.creeperhost.ftbbackups.FTBBackups/]: Writing to file /workspaces/SERVER-MSX/servidor_minecraft/backups/backups.json
[10Dec2024 04:03:57.319] [Server thread/INFO] [net.minecraft.server.MinecraftServer/]: eldemedazh has made the advancement [Sieving...with flux!]
[10Dec2024 04:30:00.001] [ftbbackups2_Worker-1/INFO] [net.creeperhost.ftbbackups.FTBBackups/]: Attempting to create an automatic backup
[10Dec2024 04:30:00.002] [ftbbackups2_Worker-1/INFO] [net.creeperhost.ftbbackups.FTBBackups/]: Found world folder at /workspaces/SERVER-MSX/servidor_minecraft/./world/.
[10Dec2024 04:30:00.038] [ftbbackups2_Worker-1/INFO] [net.creeperhost.ftbbackups.FTBBackups/]: Last backup size: 3.5MB Current world size: 12.3MB Current Available space: 19.0GB ExpectedSize 3.6MB
[10Dec2024 04:30:00.049] [ftbbackups2_Worker-1/INFO] [net.creeperhost.ftbbackups.FTBBackups/]: Setting world minecraft:overworld save state to true
[10Dec2024 04:30:00.050] [ftbbackups2_Worker-1/INFO] [net.creeperhost.ftbbackups.FTBBackups/]: Setting world sgjourney:abydos save state to true
[10Dec2024 04:30:00.050] [ftbbackups2_Worker-1/INFO] [net.creeperhost.ftbbackups.FTBBackups/]: Setting world minecraft:the_end save state to true
[10Dec2024 04:30:00.050] [ftbbackups2_Worker-1/INFO] [net.creeperhost.ftbbackups.FTBBackups/]: Setting world sgjourney:cavum_tenebrae save state to true
[10Dec2024 04:30:00.050] [ftbbackups2_Worker-1/INFO] [net.creeperhost.ftbbackups.FTBBackups/]: Setting world sgjourney:lantea save state to true
[10Dec2024 04:30:00.051] [ftbbackups2_Worker-1/INFO] [net.creeperhost.ftbbackups.FTBBackups/]: Setting world minecraft:the_nether save state to true
[10Dec2024 04:30:00.051] [ftbbackups2_Worker-1/INFO] [net.creeperhost.ftbbackups.FTBBackups/]: Setting world sgjourney:chulak save state to true
[10Dec2024 04:30:00.051] [ftbbackups2_Worker-1/INFO] [net.creeperhost.ftbbackups.FTBBackups/]: Setting world ae2:spatial_storage save state to true
[10Dec2024 04:30:00.052] [ftbbackups2_Worker-1/INFO] [net.creeperhost.ftbbackups.FTBBackups/]: Writing to file /workspaces/SERVER-MSX/servidor_minecraft/backups/backups.json
[10Dec2024 04:30:00.052] [FTB Backups backup thread 0/INFO] [net.creeperhost.ftbbackups.FTBBackups/]: Waiting for world save to complete.
[10Dec2024 04:30:00.472] [FTB Backups backup thread 0/INFO] [net.creeperhost.levelio.loader.SaveInfo/]: Detected MC Version 1.20.1, Data version 3465
[10Dec2024 04:30:00.472] [FTB Backups backup thread 0/INFO] [net.creeperhost.levelio.loader.SaveInfo/]: Save Name: world
[10Dec2024 04:30:00.476] [FTB Backups backup thread 0/WARN] [net.creeperhost.levelio.data.Level/]: Did not find a region folder for level: /workspaces/SERVER-MSX/servidor_minecraft/./world/./DIM-1
[10Dec2024 04:30:00.477] [FTB Backups backup thread 0/WARN] [net.creeperhost.levelio.loader.LevelLoader/]: Found possible mod dimension with no region folder sgjourney:lantea
[10Dec2024 04:30:00.477] [FTB Backups backup thread 0/WARN] [net.creeperhost.levelio.loader.LevelLoader/]: Found possible mod dimension with no region folder sgjourney:abydos
[10Dec2024 04:30:00.477] [FTB Backups backup thread 0/WARN] [net.creeperhost.levelio.loader.LevelLoader/]: Found possible mod dimension with no region folder sgjourney:cavum_tenebrae
[10Dec2024 04:30:00.477] [FTB Backups backup thread 0/WARN] [net.creeperhost.levelio.loader.LevelLoader/]: Found possible mod dimension with no region folder sgjourney:chulak
[10Dec2024 04:30:00.477] [FTB Backups backup thread 0/WARN] [net.creeperhost.levelio.loader.LevelLoader/]: Found possible mod dimension with no region folder ae2:spatial_storage
[10Dec2024 04:30:00.477] [FTB Backups backup thread 0/WARN] [net.creeperhost.levelio.data.Level/]: Did not find a region folder for level: /workspaces/SERVER-MSX/servidor_minecraft/./world/./DIM1
[10Dec2024 04:30:02.055] [FTB Backups backup thread 0/INFO] [net.creeperhost.ftbbackups.FTBBackups/]: Backup preview created, Scan took 179ms, Capture took 1546ms
[10Dec2024 04:30:02.875] [FTB Backups backup thread 0/INFO] [net.creeperhost.ftbbackups.FTBBackups/]: Setting world minecraft:overworld save state to false
[10Dec2024 04:30:02.876] [FTB Backups backup thread 0/INFO] [net.creeperhost.ftbbackups.FTBBackups/]: Setting world sgjourney:abydos save state to false
[10Dec2024 04:30:02.876] [FTB Backups backup thread 0/INFO] [net.creeperhost.ftbbackups.FTBBackups/]: Setting world minecraft:the_end save state to false
[10Dec2024 04:30:02.876] [FTB Backups backup thread 0/INFO] [net.creeperhost.ftbbackups.FTBBackups/]: Setting world sgjourney:cavum_tenebrae save state to false
[10Dec2024 04:30:02.876] [FTB Backups backup thread 0/INFO] [net.creeperhost.ftbbackups.FTBBackups/]: Setting world sgjourney:lantea save state to false
[10Dec2024 04:30:02.877] [FTB Backups backup thread 0/INFO] [net.creeperhost.ftbbackups.FTBBackups/]: Setting world minecraft:the_nether save state to false
[10Dec2024 04:30:02.877] [FTB Backups backup thread 0/INFO] [net.creeperhost.ftbbackups.FTBBackups/]: Setting world sgjourney:chulak save state to false
[10Dec2024 04:30:02.877] [FTB Backups backup thread 0/INFO] [net.creeperhost.ftbbackups.FTBBackups/]: Setting world ae2:spatial_storage save state to false
[10Dec2024 04:30:02.887] [FTB Backups backup thread 0/INFO] [net.creeperhost.ftbbackups.FTBBackups/]: Backup size 3.5MB World Size 12.3MB
[10Dec2024 04:30:02.887] [FTB Backups backup thread 0/INFO] [net.creeperhost.ftbbackups.FTBBackups/]: Writing to file /workspaces/SERVER-MSX/servidor_minecraft/backups/backups.json
[10Dec2024 04:30:02.888] [FTB Backups backup thread 0/INFO] [net.creeperhost.ftbbackups.FTBBackups/]: New backup created at /workspaces/SERVER-MSX/servidor_minecraft/backups/2024-12-10_4-30-0.zip size: 3.5MB Took: 0m, 2s, 826ms Sha1: c9fb68f837ec4d19d8b123164ca04ae3074d13cf
[10Dec2024 04:30:08.067] [FTB Backups scheduled executor 0/INFO] [net.creeperhost.ftbbackups.FTBBackups/]: More backups than 5 found, Removing oldest backup
[10Dec2024 04:30:08.068] [FTB Backups scheduled executor 0/INFO] [net.creeperhost.ftbbackups.FTBBackups/]: Removed old backup 2024-12-10_2-0-0.zip
[10Dec2024 04:30:08.068] [FTB Backups scheduled executor 0/INFO] [net.creeperhost.ftbbackups.FTBBackups/]: File missing, removing from backups /workspaces/SERVER-MSX/servidor_minecraft/backups/2024-12-10_2-0-0.zip
[10Dec2024 04:30:08.068] [FTB Backups scheduled executor 0/INFO] [net.creeperhost.ftbbackups.FTBBackups/]: Writing to file /workspaces/SERVER-MSX/servidor_minecraft/backups/backups.json
[10Dec2024 04:46:11.497] [Server thread/INFO] [net.minecraft.server.network.ServerGamePacketListenerImpl/]: eldemedazh lost connection: Disconnected
[10Dec2024 04:46:11.498] [Server thread/INFO] [net.minecraft.server.MinecraftServer/]: eldemedazh left the game
[10Dec2024 04:46:19.348] [Server thread/INFO] [net.minecraft.server.MinecraftServer/]: Saving the game (this may take a moment!)
[10Dec2024 04:46:19.572] [Server thread/INFO] [net.minecraft.server.MinecraftServer/]: Saved the game
[10Dec2024 04:46:21.752] [Server thread/INFO] [net.minecraft.server.MinecraftServer/]: Stopping the server
[10Dec2024 04:46:21.795] [Server thread/INFO] [net.creeperhost.ftbbackups.FTBBackups/]: Shutdown Complete
[10Dec2024 04:46:21.832] [Server thread/INFO] [net.minecraft.server.MinecraftServer/]: Stopping server
[10Dec2024 04:46:21.833] [Server thread/INFO] [net.minecraft.server.MinecraftServer/]: Saving players
[10Dec2024 04:46:21.833] [Server thread/INFO] [net.minecraft.server.MinecraftServer/]: Saving worlds
[10Dec2024 04:46:22.428] [Server thread/INFO] [net.minecraft.server.MinecraftServer/]: Saving chunks for level 'ServerLevel[world]'/minecraft:overworld
[10Dec2024 04:46:22.449] [Server thread/INFO] [net.minecraft.server.MinecraftServer/]: Saving chunks for level 'ServerLevel[world]'/sgjourney:abydos
[10Dec2024 04:46:22.450] [Server thread/INFO] [net.minecraft.server.MinecraftServer/]: Saving chunks for level 'ServerLevel[world]'/minecraft:the_end
[10Dec2024 04:46:22.451] [Server thread/INFO] [net.minecraft.server.MinecraftServer/]: Saving chunks for level 'ServerLevel[world]'/sgjourney:cavum_tenebrae
[10Dec2024 04:46:22.451] [Server thread/INFO] [net.minecraft.server.MinecraftServer/]: Saving chunks for level 'ServerLevel[world]'/sgjourney:lantea
[10Dec2024 04:46:22.452] [Server thread/INFO] [net.minecraft.server.MinecraftServer/]: Saving chunks for level 'ServerLevel[world]'/minecraft:the_nether
[10Dec2024 04:46:22.453] [Server thread/INFO] [net.minecraft.server.MinecraftServer/]: Saving chunks for level 'ServerLevel[world]'/sgjourney:chulak
[10Dec2024 04:46:22.453] [Server thread/INFO] [net.minecraft.server.MinecraftServer/]: Saving chunks for level 'ServerLevel[world]'/ae2:spatial_storage
[10Dec2024 04:46:22.934] [Server thread/INFO] [net.minecraft.server.MinecraftServer/]: ThreadedAnvilChunkStorage (world): All chunks are saved
[10Dec2024 04:46:22.935] [Server thread/INFO] [net.minecraft.server.MinecraftServer/]: ThreadedAnvilChunkStorage (abydos): All chunks are saved
[10Dec2024 04:46:22.935] [Server thread/INFO] [net.minecraft.server.MinecraftServer/]: ThreadedAnvilChunkStorage (DIM1): All chunks are saved
[10Dec2024 04:46:22.935] [Server thread/INFO] [net.minecraft.server.MinecraftServer/]: ThreadedAnvilChunkStorage (cavum_tenebrae): All chunks are saved
[10Dec2024 04:46:22.936] [Server thread/INFO] [net.minecraft.server.MinecraftServer/]: ThreadedAnvilChunkStorage (lantea): All chunks are saved
[10Dec2024 04:46:22.936] [Server thread/INFO] [net.minecraft.server.MinecraftServer/]: ThreadedAnvilChunkStorage (DIM-1): All chunks are saved
[10Dec2024 04:46:22.936] [Server thread/INFO] [net.minecraft.server.MinecraftServer/]: ThreadedAnvilChunkStorage (chulak): All chunks are saved
[10Dec2024 04:46:22.937] [Server thread/INFO] [net.minecraft.server.MinecraftServer/]: ThreadedAnvilChunkStorage (spatial_storage): All chunks are saved
[10Dec2024 04:46:22.937] [Server thread/INFO] [net.minecraft.server.MinecraftServer/]: ThreadedAnvilChunkStorage: All dimensions are saved
[10Dec2024 04:46:22.948] [Server thread/INFO] [WebDisplays/]: Miniserv server stopped
[10Dec2024 04:46:23.008] [Server thread/INFO] [FTB Chunks/]: Shutting down map thread
[10Dec2024 04:46:23.008] [Server thread/INFO] [shetiphian.endertanks.EnderTanks/]: Unloading EnderTank Data
[10Dec2024 04:46:23.008] [Server thread/INFO] [shetiphian.endertanks.EnderTanks/]: Finished Unloading EnderTank Data
[10Dec2024 04:46:23.009] [Server thread/INFO] [shetiphian.enderchests.EnderChests/]: Unloading EnderChest Data
[10Dec2024 04:46:23.009] [Server thread/INFO] [shetiphian.enderchests.EnderChests/]: Finished Unloading EnderChest Data
[10Dec2024 04:46:23.048] [Server thread/INFO] [FluxNetworks/Energy]: Energy blacklist loaded: 1 block entries, 0 item entries
